<?xml version="1.0" encoding="utf-8" standalone="no"?>
<!--This file represents the results of running a test suite-->
<test-results name="D:\UH\Sem4\SD\assign4\build\testClasses\AssignTest.dll" total="27" errors="0" failures="0" not-run="0" inconclusive="0" ignored="0" skipped="0" invalid="0" date="2015-11-19" time="18:56:30">
  <environment nunit-version="2.6.4.14350" clr-version="2.0.50727.8669" os-version="Microsoft Windows NT 6.2.9200.0" platform="Win32NT" cwd="D:\UH\Sem4\SD\assign4\build\testClasses" machine-name="DESKTOP-KF7VVE7" user="GAMPA" user-domain="DESKTOP-KF7VVE7" />
  <culture-info current-culture="en-US" current-uiculture="en-US" />
  <test-suite type="Assembly" name="D:\UH\Sem4\SD\assign4\build\testClasses\AssignTest.dll" executed="True" result="Success" success="True" time="0.689" asserts="0">
    <results>
      <test-suite type="Namespace" name="ElectronicCircuitProblem" executed="True" result="Success" success="True" time="0.676" asserts="0">
        <results>
          <test-suite type="Namespace" name="src" executed="True" result="Success" success="True" time="0.633" asserts="0">
            <results>
              <test-suite type="TestFixture" name="CircuitTest" executed="True" result="Success" success="True" time="0.631" asserts="0">
                <results>
                  <test-case name="ElectronicCircuitProblem.src.CircuitTest.Canary" executed="True" result="Success" success="True" time="0.549" asserts="1" />
                  <test-case name="ElectronicCircuitProblem.src.CircuitTest.testCircuit1" executed="True" result="Success" success="True" time="0.033" asserts="1" />
                  <test-case name="ElectronicCircuitProblem.src.CircuitTest.testCircuit2" executed="True" result="Success" success="True" time="0.001" asserts="1" />
                  <test-case name="ElectronicCircuitProblem.src.CircuitTest.testCircuit3" executed="True" result="Success" success="True" time="0.001" asserts="1" />
                  <test-case name="ElectronicCircuitProblem.src.CircuitTest.testCircuit3WithSimulate" executed="True" result="Success" success="True" time="0.016" asserts="1" />
                  <test-case name="ElectronicCircuitProblem.src.CircuitTest.testCircuitWithNoInputAndOutputUnits" executed="True" result="Success" success="True" time="0.001" asserts="1" />
                  <test-case name="ElectronicCircuitProblem.src.CircuitTest.testCircuitWithNoInputUnit" executed="True" result="Success" success="True" time="0.001" asserts="1" />
                  <test-case name="ElectronicCircuitProblem.src.CircuitTest.testCircuitWithNoOutputUnit" executed="True" result="Success" success="True" time="0.001" asserts="1" />
                  <test-case name="ElectronicCircuitProblem.src.CircuitTest.testCircuitWithUnConnectedGates" executed="True" result="Success" success="True" time="0.001" asserts="1" />
                </results>
              </test-suite>
            </results>
          </test-suite>
          <test-suite type="Namespace" name="test" executed="True" result="Success" success="True" time="0.036" asserts="0">
            <results>
              <test-suite type="TestFixture" name="AndTest" executed="True" result="Success" success="True" time="0.009" asserts="0">
                <results>
                  <test-case name="ElectronicCircuitProblem.test.AndTest.Canary" executed="True" result="Success" success="True" time="0.000" asserts="1" />
                  <test-case name="ElectronicCircuitProblem.test.AndTest.IsAndValidWithNoInputAndOutput" executed="True" result="Success" success="True" time="0.000" asserts="1" />
                  <test-case name="ElectronicCircuitProblem.test.AndTest.IsAndValidWithOneInputAndNoOutput" executed="True" result="Success" success="True" time="0.001" asserts="1" />
                  <test-case name="ElectronicCircuitProblem.test.AndTest.IsAndValidWithOneInputAndOutput" executed="True" result="Success" success="True" time="0.000" asserts="1" />
                  <test-case name="ElectronicCircuitProblem.test.AndTest.IsAndValidWithTwoInputsAndNoOutput" executed="True" result="Success" success="True" time="0.000" asserts="1" />
                  <test-case name="ElectronicCircuitProblem.test.AndTest.IsAndValidWithTwoInputsAndOutput" executed="True" result="Success" success="True" time="0.000" asserts="1" />
                </results>
              </test-suite>
              <test-suite type="TestFixture" name="BusTest" executed="True" result="Success" success="True" time="0.008" asserts="0">
                <results>
                  <test-case name="ElectronicCircuitProblem.test.BusTest.Canary" executed="True" result="Success" success="True" time="0.000" asserts="1" />
                  <test-case name="ElectronicCircuitProblem.test.BusTest.testIsBusValidWithInputAndOutputGates" executed="True" result="Success" success="True" time="0.000" asserts="1" />
                  <test-case name="ElectronicCircuitProblem.test.BusTest.testIsBusValidWithInputAndThreeOutputGates" executed="True" result="Success" success="True" time="0.000" asserts="1" />
                  <test-case name="ElectronicCircuitProblem.test.BusTest.testIsBusValidWithInputAndTwoOutputGates" executed="True" result="Success" success="True" time="0.000" asserts="1" />
                </results>
              </test-suite>
              <test-suite type="TestFixture" name="InputUnitTest" executed="True" result="Success" success="True" time="0.005" asserts="0">
                <results>
                  <test-case name="ElectronicCircuitProblem.test.InputUnitTest.Canary" executed="True" result="Success" success="True" time="0.000" asserts="1" />
                  <test-case name="ElectronicCircuitProblem.test.InputUnitTest.testInputUnitNoOutputBusConnected" executed="True" result="Success" success="True" time="0.000" asserts="1" />
                  <test-case name="ElectronicCircuitProblem.test.InputUnitTest.testInputUnitWithMultipleOutputBuses" executed="True" result="Success" success="True" time="0.000" asserts="1" />
                  <test-case name="ElectronicCircuitProblem.test.InputUnitTest.testInputUnitWithOutputBusConnected" executed="True" result="Success" success="True" time="0.000" asserts="1" />
                </results>
              </test-suite>
              <test-suite type="TestFixture" name="OutputUnitTest" executed="True" result="Success" success="True" time="0.005" asserts="0">
                <results>
                  <test-case name="ElectronicCircuitProblem.test.OutputUnitTest.Canary" executed="True" result="Success" success="True" time="0.000" asserts="1" />
                  <test-case name="ElectronicCircuitProblem.test.OutputUnitTest.testOutputUnitNoOutputBusConnected" executed="True" result="Success" success="True" time="0.000" asserts="1" />
                  <test-case name="ElectronicCircuitProblem.test.OutputUnitTest.testOutputUnitWithMultipleOutputBuses" executed="True" result="Success" success="True" time="0.000" asserts="1" />
                  <test-case name="ElectronicCircuitProblem.test.OutputUnitTest.testOutputUnitWithOutputBusConnected" executed="True" result="Success" success="True" time="0.000" asserts="1" />
                </results>
              </test-suite>
            </results>
          </test-suite>
        </results>
      </test-suite>
    </results>
  </test-suite>
</test-results>